--------------------------------------------------------------------------------
Release 14.6 Trace  (nt64)
Copyright (c) 1995-2013 Xilinx, Inc.  All rights reserved.

C:\Xilinx\14.6\ISE_DS\ISE\bin\nt64\unwrapped\trce.exe -intstyle ise -v 3 -s 2
-n 3 -fastpaths -xml top.twx top.ncd -o top.twr top.pcf

Design file:              top.ncd
Physical constraint file: top.pcf
Device,package,speed:     xc6slx45,fgg676,C,-2 (PRODUCTION 1.23 2013-06-08)
Report level:             verbose report

Environment Variable      Effect 
--------------------      ------ 
NONE                      No environment variables were set
--------------------------------------------------------------------------------

INFO:Timing:3412 - To improve timing, see the Timing Closure User Guide (UG612).
INFO:Timing:2752 - To get complete path coverage, use the unconstrained paths 
   option. All paths that are not constrained will be reported in the 
   unconstrained paths section(s) of the report.
INFO:Timing:3339 - The clock-to-out numbers in this timing report are based on 
   a 50 Ohm transmission line loading model.  For the details of this model, 
   and for more information on accounting for different loading conditions, 
   please see the device datasheet.

================================================================================
Timing constraint: TS_i_clk_pin = PERIOD TIMEGRP "i_clk_pin" 24 MHz HIGH 50%;
For more information, see Period Analysis in the Timing Closure User Guide (UG612).

 0 paths analyzed, 0 endpoints analyzed, 0 failing endpoints
 0 timing errors detected. (0 component switching limit errors)
 Minimum period is  32.000ns.
--------------------------------------------------------------------------------

Component Switching Limit Checks: TS_i_clk_pin = PERIOD TIMEGRP "i_clk_pin" 24 MHz HIGH 50%;
--------------------------------------------------------------------------------
Slack: 9.666ns (period - (min low pulse limit / (low pulse / period)))
  Period: 41.666ns
  Low pulse: 20.833ns
  Low pulse limit: 16.000ns (Tdcmpw_CLKIN_10_25)
  Physical resource: clk_gen_i/DMC/dcm_sp_inst/CLKIN
  Logical resource: clk_gen_i/DMC/dcm_sp_inst/CLKIN
  Location pin: DCM_X0Y6.CLKIN
  Clock network: clk_gen_i/DMC/dcm_sp_inst_ML_NEW_DIVCLK
--------------------------------------------------------------------------------
Slack: 9.666ns (period - (min high pulse limit / (high pulse / period)))
  Period: 41.666ns
  High pulse: 20.833ns
  High pulse limit: 16.000ns (Tdcmpw_CLKIN_10_25)
  Physical resource: clk_gen_i/DMC/dcm_sp_inst/CLKIN
  Logical resource: clk_gen_i/DMC/dcm_sp_inst/CLKIN
  Location pin: DCM_X0Y6.CLKIN
  Clock network: clk_gen_i/DMC/dcm_sp_inst_ML_NEW_DIVCLK
--------------------------------------------------------------------------------
Slack: 17.000ns (period - min period limit)
  Period: 20.000ns
  Min period limit: 3.000ns (333.333MHz) (Tdcmper_CLKFX)
  Physical resource: clk_gen_i/DMC/dcm_sp_inst/CLKFX
  Logical resource: clk_gen_i/DMC/dcm_sp_inst/CLKFX
  Location pin: DCM_X0Y6.CLKFX
  Clock network: clk_gen_i/DMC/clkfx
--------------------------------------------------------------------------------

================================================================================
Timing constraint: TS_clk_gen_i_DMC_clkfx = PERIOD TIMEGRP 
"clk_gen_i_DMC_clkfx" TS_i_clk_pin *         2.08333333 HIGH 50%;
For more information, see Period Analysis in the Timing Closure User Guide (UG612).

 1571 paths analyzed, 350 endpoints analyzed, 0 failing endpoints
 0 timing errors detected. (0 setup errors, 0 hold errors, 0 component switching limit errors)
 Minimum period is   5.944ns.
--------------------------------------------------------------------------------

Paths for end point timer_counter_i/counter_value_r_0 (SLICE_X55Y69.A5), 5 paths
--------------------------------------------------------------------------------
Slack (setup path):     14.056ns (requirement - (data path - clock path skew + uncertainty))
  Source:               timer_counter_i/counter_value_r_0 (FF)
  Destination:          timer_counter_i/counter_value_r_0 (FF)
  Requirement:          20.000ns
  Data Path Delay:      5.609ns (Levels of Logic = 3)
  Clock Path Skew:      0.000ns
  Source Clock:         clk_50MHz_s rising at 0.000ns
  Destination Clock:    clk_50MHz_s rising at 20.000ns
  Clock Uncertainty:    0.335ns

  Clock Uncertainty:          0.335ns  ((TSJ^2 + TIJ^2)^1/2 + DJ) / 2 + PE
    Total System Jitter (TSJ):  0.070ns
    Total Input Jitter (TIJ):   0.000ns
    Discrete Jitter (DJ):       0.599ns
    Phase Error (PE):           0.000ns

  Maximum Data Path at Slow Process Corner: timer_counter_i/counter_value_r_0 to timer_counter_i/counter_value_r_0
    Location             Delay type         Delay(ns)  Physical Resource
                                                       Logical Resource(s)
    -------------------------------------------------  -------------------
    SLICE_X55Y69.AQ      Tcko                  0.430   timer_counter_i/counter_value_r<0>
                                                       timer_counter_i/counter_value_r_0
    SLICE_X55Y65.D3      net (fanout=3)        0.840   timer_counter_i/counter_value_r<0>
    SLICE_X55Y65.D       Tilo                  0.259   timer_fsm_i/current_state_FSM_FFd2
                                                       timer_counter_i/Mcount_counter_value_r_lut<0>
    SLICE_X58Y83.A5      net (fanout=1)        1.720   timer_counter_i/Mcount_counter_value_r_lut<0>
    SLICE_X58Y83.AMUX    Topaa                 0.449   timer_counter_i/counter_value_r<3>
                                                       timer_counter_i/Mcount_counter_value_r_lut<0>_rt
                                                       timer_counter_i/Mcount_counter_value_r_cy<3>
    SLICE_X55Y69.A5      net (fanout=1)        1.538   timer_counter_i/Mcount_counter_value_r
    SLICE_X55Y69.CLK     Tas                   0.373   timer_counter_i/counter_value_r<0>
                                                       timer_counter_i/counter_value_r_0_rstpot
                                                       timer_counter_i/counter_value_r_0
    -------------------------------------------------  ---------------------------
    Total                                      5.609ns (1.511ns logic, 4.098ns route)
                                                       (26.9% logic, 73.1% route)

--------------------------------------------------------------------------------
Slack (setup path):     14.077ns (requirement - (data path - clock path skew + uncertainty))
  Source:               timer_fsm_i/current_state_FSM_FFd1 (FF)
  Destination:          timer_counter_i/counter_value_r_0 (FF)
  Requirement:          20.000ns
  Data Path Delay:      5.570ns (Levels of Logic = 3)
  Clock Path Skew:      -0.018ns (0.189 - 0.207)
  Source Clock:         clk_50MHz_s rising at 0.000ns
  Destination Clock:    clk_50MHz_s rising at 20.000ns
  Clock Uncertainty:    0.335ns

  Clock Uncertainty:          0.335ns  ((TSJ^2 + TIJ^2)^1/2 + DJ) / 2 + PE
    Total System Jitter (TSJ):  0.070ns
    Total Input Jitter (TIJ):   0.000ns
    Discrete Jitter (DJ):       0.599ns
    Phase Error (PE):           0.000ns

  Maximum Data Path at Slow Process Corner: timer_fsm_i/current_state_FSM_FFd1 to timer_counter_i/counter_value_r_0
    Location             Delay type         Delay(ns)  Physical Resource
                                                       Logical Resource(s)
    -------------------------------------------------  -------------------
    SLICE_X55Y65.AQ      Tcko                  0.430   timer_fsm_i/current_state_FSM_FFd2
                                                       timer_fsm_i/current_state_FSM_FFd1
    SLICE_X55Y65.D2      net (fanout=39)       0.801   timer_fsm_i/current_state_FSM_FFd1
    SLICE_X55Y65.D       Tilo                  0.259   timer_fsm_i/current_state_FSM_FFd2
                                                       timer_counter_i/Mcount_counter_value_r_lut<0>
    SLICE_X58Y83.A5      net (fanout=1)        1.720   timer_counter_i/Mcount_counter_value_r_lut<0>
    SLICE_X58Y83.AMUX    Topaa                 0.449   timer_counter_i/counter_value_r<3>
                                                       timer_counter_i/Mcount_counter_value_r_lut<0>_rt
                                                       timer_counter_i/Mcount_counter_value_r_cy<3>
    SLICE_X55Y69.A5      net (fanout=1)        1.538   timer_counter_i/Mcount_counter_value_r
    SLICE_X55Y69.CLK     Tas                   0.373   timer_counter_i/counter_value_r<0>
                                                       timer_counter_i/counter_value_r_0_rstpot
                                                       timer_counter_i/counter_value_r_0
    -------------------------------------------------  ---------------------------
    Total                                      5.570ns (1.511ns logic, 4.059ns route)
                                                       (27.1% logic, 72.9% route)

--------------------------------------------------------------------------------
Slack (setup path):     14.170ns (requirement - (data path - clock path skew + uncertainty))
  Source:               timer_fsm_i/current_state_FSM_FFd2 (FF)
  Destination:          timer_counter_i/counter_value_r_0 (FF)
  Requirement:          20.000ns
  Data Path Delay:      5.477ns (Levels of Logic = 3)
  Clock Path Skew:      -0.018ns (0.189 - 0.207)
  Source Clock:         clk_50MHz_s rising at 0.000ns
  Destination Clock:    clk_50MHz_s rising at 20.000ns
  Clock Uncertainty:    0.335ns

  Clock Uncertainty:          0.335ns  ((TSJ^2 + TIJ^2)^1/2 + DJ) / 2 + PE
    Total System Jitter (TSJ):  0.070ns
    Total Input Jitter (TIJ):   0.000ns
    Discrete Jitter (DJ):       0.599ns
    Phase Error (PE):           0.000ns

  Maximum Data Path at Slow Process Corner: timer_fsm_i/current_state_FSM_FFd2 to timer_counter_i/counter_value_r_0
    Location             Delay type         Delay(ns)  Physical Resource
                                                       Logical Resource(s)
    -------------------------------------------------  -------------------
    SLICE_X55Y65.BQ      Tcko                  0.430   timer_fsm_i/current_state_FSM_FFd2
                                                       timer_fsm_i/current_state_FSM_FFd2
    SLICE_X55Y65.C1      net (fanout=38)       0.777   timer_fsm_i/current_state_FSM_FFd2
    SLICE_X55Y65.C       Tilo                  0.259   timer_fsm_i/current_state_FSM_FFd2
                                                       cnt_rst_s_inv1
    SLICE_X58Y83.AX      net (fanout=2)        1.806   cnt_rst_s_inv
    SLICE_X58Y83.AMUX    Taxa                  0.294   timer_counter_i/counter_value_r<3>
                                                       timer_counter_i/Mcount_counter_value_r_cy<3>
    SLICE_X55Y69.A5      net (fanout=1)        1.538   timer_counter_i/Mcount_counter_value_r
    SLICE_X55Y69.CLK     Tas                   0.373   timer_counter_i/counter_value_r<0>
                                                       timer_counter_i/counter_value_r_0_rstpot
                                                       timer_counter_i/counter_value_r_0
    -------------------------------------------------  ---------------------------
    Total                                      5.477ns (1.356ns logic, 4.121ns route)
                                                       (24.8% logic, 75.2% route)

--------------------------------------------------------------------------------

Paths for end point timer_counter_i/counter_value_r_4 (SLICE_X58Y84.CE), 30 paths
--------------------------------------------------------------------------------
Slack (setup path):     14.554ns (requirement - (data path - clock path skew + uncertainty))
  Source:               clk_counter_i/counter_r_1 (FF)
  Destination:          timer_counter_i/counter_value_r_4 (FF)
  Requirement:          20.000ns
  Data Path Delay:      5.048ns (Levels of Logic = 3)
  Clock Path Skew:      -0.063ns (0.587 - 0.650)
  Source Clock:         clk_50MHz_s rising at 0.000ns
  Destination Clock:    clk_50MHz_s rising at 20.000ns
  Clock Uncertainty:    0.335ns

  Clock Uncertainty:          0.335ns  ((TSJ^2 + TIJ^2)^1/2 + DJ) / 2 + PE
    Total System Jitter (TSJ):  0.070ns
    Total Input Jitter (TIJ):   0.000ns
    Discrete Jitter (DJ):       0.599ns
    Phase Error (PE):           0.000ns

  Maximum Data Path at Slow Process Corner: clk_counter_i/counter_r_1 to timer_counter_i/counter_value_r_4
    Location             Delay type         Delay(ns)  Physical Resource
                                                       Logical Resource(s)
    -------------------------------------------------  -------------------
    SLICE_X54Y65.BQ      Tcko                  0.476   clk_counter_i/counter_r<3>
                                                       clk_counter_i/counter_r_1
    SLICE_X55Y68.C3      net (fanout=2)        1.056   clk_counter_i/counter_r<1>
    SLICE_X55Y68.C       Tilo                  0.259   timer_counter_i/_n0020_inv6
                                                       timer_counter_i/_n0020_inv1
    SLICE_X55Y68.B4      net (fanout=1)        0.352   timer_counter_i/_n0020_inv1
    SLICE_X55Y68.B       Tilo                  0.259   timer_counter_i/_n0020_inv6
                                                       timer_counter_i/_n0020_inv2
    SLICE_X55Y68.A5      net (fanout=2)        0.236   timer_counter_i/_n0020_inv2
    SLICE_X55Y68.A       Tilo                  0.259   timer_counter_i/_n0020_inv6
                                                       timer_counter_i/_n0020_inv7
    SLICE_X58Y84.CE      net (fanout=2)        1.837   timer_counter_i/_n0020_inv
    SLICE_X58Y84.CLK     Tceck                 0.314   timer_counter_i/counter_value_r<7>
                                                       timer_counter_i/counter_value_r_4
    -------------------------------------------------  ---------------------------
    Total                                      5.048ns (1.567ns logic, 3.481ns route)
                                                       (31.0% logic, 69.0% route)

--------------------------------------------------------------------------------
Slack (setup path):     14.634ns (requirement - (data path - clock path skew + uncertainty))
  Source:               clk_counter_i/counter_r_13 (FF)
  Destination:          timer_counter_i/counter_value_r_4 (FF)
  Requirement:          20.000ns
  Data Path Delay:      4.973ns (Levels of Logic = 2)
  Clock Path Skew:      -0.058ns (0.587 - 0.645)
  Source Clock:         clk_50MHz_s rising at 0.000ns
  Destination Clock:    clk_50MHz_s rising at 20.000ns
  Clock Uncertainty:    0.335ns

  Clock Uncertainty:          0.335ns  ((TSJ^2 + TIJ^2)^1/2 + DJ) / 2 + PE
    Total System Jitter (TSJ):  0.070ns
    Total Input Jitter (TIJ):   0.000ns
    Discrete Jitter (DJ):       0.599ns
    Phase Error (PE):           0.000ns

  Maximum Data Path at Slow Process Corner: clk_counter_i/counter_r_13 to timer_counter_i/counter_value_r_4
    Location             Delay type         Delay(ns)  Physical Resource
                                                       Logical Resource(s)
    -------------------------------------------------  -------------------
    SLICE_X54Y68.BQ      Tcko                  0.476   clk_counter_i/counter_r<15>
                                                       clk_counter_i/counter_r_13
    SLICE_X55Y69.D4      net (fanout=2)        0.892   clk_counter_i/counter_r<13>
    SLICE_X55Y69.D       Tilo                  0.259   timer_counter_i/counter_value_r<0>
                                                       timer_counter_i/_n0020_inv4
    SLICE_X55Y68.A1      net (fanout=2)        0.936   timer_counter_i/_n0020_inv4
    SLICE_X55Y68.A       Tilo                  0.259   timer_counter_i/_n0020_inv6
                                                       timer_counter_i/_n0020_inv7
    SLICE_X58Y84.CE      net (fanout=2)        1.837   timer_counter_i/_n0020_inv
    SLICE_X58Y84.CLK     Tceck                 0.314   timer_counter_i/counter_value_r<7>
                                                       timer_counter_i/counter_value_r_4
    -------------------------------------------------  ---------------------------
    Total                                      4.973ns (1.308ns logic, 3.665ns route)
                                                       (26.3% logic, 73.7% route)

--------------------------------------------------------------------------------
Slack (setup path):     14.781ns (requirement - (data path - clock path skew + uncertainty))
  Source:               clk_counter_i/counter_r_19 (FF)
  Destination:          timer_counter_i/counter_value_r_4 (FF)
  Requirement:          20.000ns
  Data Path Delay:      4.828ns (Levels of Logic = 2)
  Clock Path Skew:      -0.056ns (0.587 - 0.643)
  Source Clock:         clk_50MHz_s rising at 0.000ns
  Destination Clock:    clk_50MHz_s rising at 20.000ns
  Clock Uncertainty:    0.335ns

  Clock Uncertainty:          0.335ns  ((TSJ^2 + TIJ^2)^1/2 + DJ) / 2 + PE
    Total System Jitter (TSJ):  0.070ns
    Total Input Jitter (TIJ):   0.000ns
    Discrete Jitter (DJ):       0.599ns
    Phase Error (PE):           0.000ns

  Maximum Data Path at Slow Process Corner: clk_counter_i/counter_r_19 to timer_counter_i/counter_value_r_4
    Location             Delay type         Delay(ns)  Physical Resource
                                                       Logical Resource(s)
    -------------------------------------------------  -------------------
    SLICE_X54Y69.DQ      Tcko                  0.476   clk_counter_i/counter_r<19>
                                                       clk_counter_i/counter_r_19
    SLICE_X55Y69.D1      net (fanout=2)        0.747   clk_counter_i/counter_r<19>
    SLICE_X55Y69.D       Tilo                  0.259   timer_counter_i/counter_value_r<0>
                                                       timer_counter_i/_n0020_inv4
    SLICE_X55Y68.A1      net (fanout=2)        0.936   timer_counter_i/_n0020_inv4
    SLICE_X55Y68.A       Tilo                  0.259   timer_counter_i/_n0020_inv6
                                                       timer_counter_i/_n0020_inv7
    SLICE_X58Y84.CE      net (fanout=2)        1.837   timer_counter_i/_n0020_inv
    SLICE_X58Y84.CLK     Tceck                 0.314   timer_counter_i/counter_value_r<7>
                                                       timer_counter_i/counter_value_r_4
    -------------------------------------------------  ---------------------------
    Total                                      4.828ns (1.308ns logic, 3.520ns route)
                                                       (27.1% logic, 72.9% route)

--------------------------------------------------------------------------------

Paths for end point timer_counter_i/counter_value_r_7 (SLICE_X58Y84.CE), 30 paths
--------------------------------------------------------------------------------
Slack (setup path):     14.577ns (requirement - (data path - clock path skew + uncertainty))
  Source:               clk_counter_i/counter_r_1 (FF)
  Destination:          timer_counter_i/counter_value_r_7 (FF)
  Requirement:          20.000ns
  Data Path Delay:      5.025ns (Levels of Logic = 3)
  Clock Path Skew:      -0.063ns (0.587 - 0.650)
  Source Clock:         clk_50MHz_s rising at 0.000ns
  Destination Clock:    clk_50MHz_s rising at 20.000ns
  Clock Uncertainty:    0.335ns

  Clock Uncertainty:          0.335ns  ((TSJ^2 + TIJ^2)^1/2 + DJ) / 2 + PE
    Total System Jitter (TSJ):  0.070ns
    Total Input Jitter (TIJ):   0.000ns
    Discrete Jitter (DJ):       0.599ns
    Phase Error (PE):           0.000ns

  Maximum Data Path at Slow Process Corner: clk_counter_i/counter_r_1 to timer_counter_i/counter_value_r_7
    Location             Delay type         Delay(ns)  Physical Resource
                                                       Logical Resource(s)
    -------------------------------------------------  -------------------
    SLICE_X54Y65.BQ      Tcko                  0.476   clk_counter_i/counter_r<3>
                                                       clk_counter_i/counter_r_1
    SLICE_X55Y68.C3      net (fanout=2)        1.056   clk_counter_i/counter_r<1>
    SLICE_X55Y68.C       Tilo                  0.259   timer_counter_i/_n0020_inv6
                                                       timer_counter_i/_n0020_inv1
    SLICE_X55Y68.B4      net (fanout=1)        0.352   timer_counter_i/_n0020_inv1
    SLICE_X55Y68.B       Tilo                  0.259   timer_counter_i/_n0020_inv6
                                                       timer_counter_i/_n0020_inv2
    SLICE_X55Y68.A5      net (fanout=2)        0.236   timer_counter_i/_n0020_inv2
    SLICE_X55Y68.A       Tilo                  0.259   timer_counter_i/_n0020_inv6
                                                       timer_counter_i/_n0020_inv7
    SLICE_X58Y84.CE      net (fanout=2)        1.837   timer_counter_i/_n0020_inv
    SLICE_X58Y84.CLK     Tceck                 0.291   timer_counter_i/counter_value_r<7>
                                                       timer_counter_i/counter_value_r_7
    -------------------------------------------------  ---------------------------
    Total                                      5.025ns (1.544ns logic, 3.481ns route)
                                                       (30.7% logic, 69.3% route)

--------------------------------------------------------------------------------
Slack (setup path):     14.657ns (requirement - (data path - clock path skew + uncertainty))
  Source:               clk_counter_i/counter_r_13 (FF)
  Destination:          timer_counter_i/counter_value_r_7 (FF)
  Requirement:          20.000ns
  Data Path Delay:      4.950ns (Levels of Logic = 2)
  Clock Path Skew:      -0.058ns (0.587 - 0.645)
  Source Clock:         clk_50MHz_s rising at 0.000ns
  Destination Clock:    clk_50MHz_s rising at 20.000ns
  Clock Uncertainty:    0.335ns

  Clock Uncertainty:          0.335ns  ((TSJ^2 + TIJ^2)^1/2 + DJ) / 2 + PE
    Total System Jitter (TSJ):  0.070ns
    Total Input Jitter (TIJ):   0.000ns
    Discrete Jitter (DJ):       0.599ns
    Phase Error (PE):           0.000ns

  Maximum Data Path at Slow Process Corner: clk_counter_i/counter_r_13 to timer_counter_i/counter_value_r_7
    Location             Delay type         Delay(ns)  Physical Resource
                                                       Logical Resource(s)
    -------------------------------------------------  -------------------
    SLICE_X54Y68.BQ      Tcko                  0.476   clk_counter_i/counter_r<15>
                                                       clk_counter_i/counter_r_13
    SLICE_X55Y69.D4      net (fanout=2)        0.892   clk_counter_i/counter_r<13>
    SLICE_X55Y69.D       Tilo                  0.259   timer_counter_i/counter_value_r<0>
                                                       timer_counter_i/_n0020_inv4
    SLICE_X55Y68.A1      net (fanout=2)        0.936   timer_counter_i/_n0020_inv4
    SLICE_X55Y68.A       Tilo                  0.259   timer_counter_i/_n0020_inv6
                                                       timer_counter_i/_n0020_inv7
    SLICE_X58Y84.CE      net (fanout=2)        1.837   timer_counter_i/_n0020_inv
    SLICE_X58Y84.CLK     Tceck                 0.291   timer_counter_i/counter_value_r<7>
                                                       timer_counter_i/counter_value_r_7
    -------------------------------------------------  ---------------------------
    Total                                      4.950ns (1.285ns logic, 3.665ns route)
                                                       (26.0% logic, 74.0% route)

--------------------------------------------------------------------------------
Slack (setup path):     14.804ns (requirement - (data path - clock path skew + uncertainty))
  Source:               clk_counter_i/counter_r_19 (FF)
  Destination:          timer_counter_i/counter_value_r_7 (FF)
  Requirement:          20.000ns
  Data Path Delay:      4.805ns (Levels of Logic = 2)
  Clock Path Skew:      -0.056ns (0.587 - 0.643)
  Source Clock:         clk_50MHz_s rising at 0.000ns
  Destination Clock:    clk_50MHz_s rising at 20.000ns
  Clock Uncertainty:    0.335ns

  Clock Uncertainty:          0.335ns  ((TSJ^2 + TIJ^2)^1/2 + DJ) / 2 + PE
    Total System Jitter (TSJ):  0.070ns
    Total Input Jitter (TIJ):   0.000ns
    Discrete Jitter (DJ):       0.599ns
    Phase Error (PE):           0.000ns

  Maximum Data Path at Slow Process Corner: clk_counter_i/counter_r_19 to timer_counter_i/counter_value_r_7
    Location             Delay type         Delay(ns)  Physical Resource
                                                       Logical Resource(s)
    -------------------------------------------------  -------------------
    SLICE_X54Y69.DQ      Tcko                  0.476   clk_counter_i/counter_r<19>
                                                       clk_counter_i/counter_r_19
    SLICE_X55Y69.D1      net (fanout=2)        0.747   clk_counter_i/counter_r<19>
    SLICE_X55Y69.D       Tilo                  0.259   timer_counter_i/counter_value_r<0>
                                                       timer_counter_i/_n0020_inv4
    SLICE_X55Y68.A1      net (fanout=2)        0.936   timer_counter_i/_n0020_inv4
    SLICE_X55Y68.A       Tilo                  0.259   timer_counter_i/_n0020_inv6
                                                       timer_counter_i/_n0020_inv7
    SLICE_X58Y84.CE      net (fanout=2)        1.837   timer_counter_i/_n0020_inv
    SLICE_X58Y84.CLK     Tceck                 0.291   timer_counter_i/counter_value_r<7>
                                                       timer_counter_i/counter_value_r_7
    -------------------------------------------------  ---------------------------
    Total                                      4.805ns (1.285ns logic, 3.520ns route)
                                                       (26.7% logic, 73.3% route)

--------------------------------------------------------------------------------

Hold Paths: TS_clk_gen_i_DMC_clkfx = PERIOD TIMEGRP "clk_gen_i_DMC_clkfx" TS_i_clk_pin *
        2.08333333 HIGH 50%;
--------------------------------------------------------------------------------

Paths for end point timer_counter_i/counter_value_r_0 (SLICE_X55Y69.A6), 1 path
--------------------------------------------------------------------------------
Slack (hold path):      0.449ns (requirement - (clock path skew + uncertainty - data path))
  Source:               timer_counter_i/counter_value_r_0 (FF)
  Destination:          timer_counter_i/counter_value_r_0 (FF)
  Requirement:          0.000ns
  Data Path Delay:      0.449ns (Levels of Logic = 1)
  Clock Path Skew:      0.000ns
  Source Clock:         clk_50MHz_s rising at 20.000ns
  Destination Clock:    clk_50MHz_s rising at 20.000ns
  Clock Uncertainty:    0.000ns

  Minimum Data Path at Fast Process Corner: timer_counter_i/counter_value_r_0 to timer_counter_i/counter_value_r_0
    Location             Delay type         Delay(ns)  Physical Resource
                                                       Logical Resource(s)
    -------------------------------------------------  -------------------
    SLICE_X55Y69.AQ      Tcko                  0.198   timer_counter_i/counter_value_r<0>
                                                       timer_counter_i/counter_value_r_0
    SLICE_X55Y69.A6      net (fanout=3)        0.036   timer_counter_i/counter_value_r<0>
    SLICE_X55Y69.CLK     Tah         (-Th)    -0.215   timer_counter_i/counter_value_r<0>
                                                       timer_counter_i/counter_value_r_0_rstpot
                                                       timer_counter_i/counter_value_r_0
    -------------------------------------------------  ---------------------------
    Total                                      0.449ns (0.413ns logic, 0.036ns route)
                                                       (92.0% logic, 8.0% route)

--------------------------------------------------------------------------------

Paths for end point clk_counter_i/counter_r_15 (SLICE_X54Y68.D6), 1 path
--------------------------------------------------------------------------------
Slack (hold path):      0.461ns (requirement - (clock path skew + uncertainty - data path))
  Source:               clk_counter_i/counter_r_15 (FF)
  Destination:          clk_counter_i/counter_r_15 (FF)
  Requirement:          0.000ns
  Data Path Delay:      0.461ns (Levels of Logic = 1)
  Clock Path Skew:      0.000ns
  Source Clock:         clk_50MHz_s rising at 20.000ns
  Destination Clock:    clk_50MHz_s rising at 20.000ns
  Clock Uncertainty:    0.000ns

  Minimum Data Path at Fast Process Corner: clk_counter_i/counter_r_15 to clk_counter_i/counter_r_15
    Location             Delay type         Delay(ns)  Physical Resource
                                                       Logical Resource(s)
    -------------------------------------------------  -------------------
    SLICE_X54Y68.DQ      Tcko                  0.200   clk_counter_i/counter_r<15>
                                                       clk_counter_i/counter_r_15
    SLICE_X54Y68.D6      net (fanout=2)        0.024   clk_counter_i/counter_r<15>
    SLICE_X54Y68.CLK     Tah         (-Th)    -0.237   clk_counter_i/counter_r<15>
                                                       clk_counter_i/Mcount_counter_r_lut<15>
                                                       clk_counter_i/Mcount_counter_r_cy<15>
                                                       clk_counter_i/counter_r_15
    -------------------------------------------------  ---------------------------
    Total                                      0.461ns (0.437ns logic, 0.024ns route)
                                                       (94.8% logic, 5.2% route)

--------------------------------------------------------------------------------

Paths for end point clk_counter_i/counter_r_23 (SLICE_X54Y70.D6), 1 path
--------------------------------------------------------------------------------
Slack (hold path):      0.461ns (requirement - (clock path skew + uncertainty - data path))
  Source:               clk_counter_i/counter_r_23 (FF)
  Destination:          clk_counter_i/counter_r_23 (FF)
  Requirement:          0.000ns
  Data Path Delay:      0.461ns (Levels of Logic = 1)
  Clock Path Skew:      0.000ns
  Source Clock:         clk_50MHz_s rising at 20.000ns
  Destination Clock:    clk_50MHz_s rising at 20.000ns
  Clock Uncertainty:    0.000ns

  Minimum Data Path at Fast Process Corner: clk_counter_i/counter_r_23 to clk_counter_i/counter_r_23
    Location             Delay type         Delay(ns)  Physical Resource
                                                       Logical Resource(s)
    -------------------------------------------------  -------------------
    SLICE_X54Y70.DQ      Tcko                  0.200   clk_counter_i/counter_r<23>
                                                       clk_counter_i/counter_r_23
    SLICE_X54Y70.D6      net (fanout=2)        0.024   clk_counter_i/counter_r<23>
    SLICE_X54Y70.CLK     Tah         (-Th)    -0.237   clk_counter_i/counter_r<23>
                                                       clk_counter_i/Mcount_counter_r_lut<23>
                                                       clk_counter_i/Mcount_counter_r_cy<23>
                                                       clk_counter_i/counter_r_23
    -------------------------------------------------  ---------------------------
    Total                                      0.461ns (0.437ns logic, 0.024ns route)
                                                       (94.8% logic, 5.2% route)

--------------------------------------------------------------------------------

Component Switching Limit Checks: TS_clk_gen_i_DMC_clkfx = PERIOD TIMEGRP "clk_gen_i_DMC_clkfx" TS_i_clk_pin *
        2.08333333 HIGH 50%;
--------------------------------------------------------------------------------
Slack: 17.334ns (period - min period limit)
  Period: 20.000ns
  Min period limit: 2.666ns (375.094MHz) (Tbcper_I)
  Physical resource: clk_gen_i/DMC/clkout1_buf/I0
  Logical resource: clk_gen_i/DMC/clkout1_buf/I0
  Location pin: BUFGMUX_X2Y3.I0
  Clock network: clk_gen_i/DMC/clkfx
--------------------------------------------------------------------------------
Slack: 18.601ns (period - min period limit)
  Period: 20.000ns
  Min period limit: 1.399ns (714.796MHz) (Tcp)
  Physical resource: clk_gen_i/dff_out_r/CLK
  Logical resource: clk_gen_i/shift_reg16/SRL16E/CLK
  Location pin: SLICE_X38Y88.CLK
  Clock network: clk_50MHz_s
--------------------------------------------------------------------------------
Slack: 19.520ns (period - min period limit)
  Period: 20.000ns
  Min period limit: 0.480ns (2083.333MHz) (Tcp)
  Physical resource: clk_gen_i/dff_out_r/CLK
  Logical resource: clk_gen_i/dff/CK
  Location pin: SLICE_X38Y88.CLK
  Clock network: clk_50MHz_s
--------------------------------------------------------------------------------


Derived Constraint Report
Derived Constraints for TS_i_clk_pin
+-------------------------------+-------------+-------------+-------------+-------------+-------------+-------------+-------------+
|                               |   Period    |       Actual Period       |      Timing Errors        |      Paths Analyzed       |
|           Constraint          | Requirement |-------------+-------------|-------------+-------------|-------------+-------------|
|                               |             |   Direct    | Derivative  |   Direct    | Derivative  |   Direct    | Derivative  |
+-------------------------------+-------------+-------------+-------------+-------------+-------------+-------------+-------------+
|TS_i_clk_pin                   |     41.667ns|     32.000ns|     12.383ns|            0|            0|            0|         1571|
| TS_clk_gen_i_DMC_clkfx        |     20.000ns|      5.944ns|          N/A|            0|            0|         1571|            0|
+-------------------------------+-------------+-------------+-------------+-------------+-------------+-------------+-------------+

All constraints were met.


Data Sheet report:
-----------------
All values displayed in nanoseconds (ns)

Clock to Setup on destination clock i_clk
---------------+---------+---------+---------+---------+
               | Src:Rise| Src:Fall| Src:Rise| Src:Fall|
Source Clock   |Dest:Rise|Dest:Rise|Dest:Fall|Dest:Fall|
---------------+---------+---------+---------+---------+
i_clk          |    5.944|         |         |         |
---------------+---------+---------+---------+---------+


Timing summary:
---------------

Timing errors: 0  Score: 0  (Setup/Max: 0, Hold: 0)

Constraints cover 1571 paths, 0 nets, and 210 connections

Design statistics:
   Minimum period:  32.000ns{1}   (Maximum frequency:  31.250MHz)


------------------------------------Footnotes-----------------------------------
1)  The minimum period statistic assumes all single cycle delays.

Analysis completed Fri Mar 01 11:27:54 2019 
--------------------------------------------------------------------------------

Trace Settings:
-------------------------
Trace Settings 

Peak Memory Usage: 264 MB



